<?xml version="1.0" encoding="UTF-8"?>
<!-- Generated by org.testng.reporters.JUnitXMLReporter -->
<testsuite ignored="0" hostname="Asus15" failures="0" tests="5" name="Default test" time="23.604" errors="0" timestamp="2026-03-17T18:59:47 IST">
  <testcase classname="com.pTesting.testng.PTest2" name="test1" time="7.591"/>
  <testcase classname="com.pTesting.testng.PTest2" name="test2" time="4.553"/>
  <testcase classname="com.pTesting.testng.PTest2" name="test3" time="6.863"/>
  <testcase classname="com.pTesting.testng.PTest2" name="test4" time="2.252"/>
  <testcase classname="com.pTesting.testng.PTest2" name="test5" time="2.28"/>
</testsuite> <!-- Default test -->
