<?xml version="1.0" encoding="UTF-8"?>
<!-- Generated by org.testng.reporters.JUnitXMLReporter -->
<testsuite ignored="4" hostname="Asus15" failures="0" tests="1" name="Default test" time="3.203" errors="0" timestamp="2026-03-18T12:46:13 IST">
  <testcase classname="com.pTesting.testng.PTest2" name="test1" time="3.162"/>
  <testcase classname="com.pTesting.testng.PTest2" name="test2" time="0.0">
    <ignored/>
  </testcase> <!-- test2 -->
  <testcase classname="com.pTesting.testng.PTest2" name="test5" time="0.0">
    <ignored/>
  </testcase> <!-- test5 -->
  <testcase classname="com.pTesting.testng.PTest2" name="test3" time="0.0">
    <ignored/>
  </testcase> <!-- test3 -->
  <testcase classname="com.pTesting.testng.PTest2" name="test4" time="0.0">
    <ignored/>
  </testcase> <!-- test4 -->
</testsuite> <!-- Default test -->
