<?xml version="1.0" encoding="UTF-8"?>
<!-- Generated by org.testng.reporters.JUnitXMLReporter -->
<testsuite ignored="0" hostname="Asus15" failures="0" tests="10" name="Test" time="40.629" errors="0" timestamp="2026-03-04T19:45:11 IST">
  <testcase classname="com.pTesting.testng.PTests" name="test2" time="5.778"/>
  <testcase classname="com.pTesting.testng.PTests" name="test1" time="9.172"/>
  <testcase classname="com.pTesting.testng.PTest2" name="test1" time="9.736"/>
  <testcase classname="com.pTesting.testng.PTest2" name="test2" time="4.493"/>
  <testcase classname="com.pTesting.testng.PTest2" name="test4" time="2.861"/>
  <testcase classname="com.pTesting.testng.PTests" name="test4" time="3.536"/>
  <testcase classname="com.pTesting.testng.PTests" name="test3" time="13.868"/>
  <testcase classname="com.pTesting.testng.PTests" name="test5" time="7.071"/>
  <testcase classname="com.pTesting.testng.PTest2" name="test5" time="2.158"/>
  <testcase classname="com.pTesting.testng.PTest2" name="test3" time="30.826"/>
</testsuite> <!-- Test -->
