<?xml version="1.0" encoding="UTF-8"?>
<testng-results ignored="0" total="5" passed="5" failed="0" skipped="0">
  <reporter-output>
  </reporter-output>
  <suite started-at="2026-03-17T18:59:24 IST" name="Default suite" finished-at="2026-03-17T18:59:47 IST" duration-ms="23604">
    <groups>
    </groups>
    <test started-at="2026-03-17T18:59:24 IST" name="Default test" finished-at="2026-03-17T18:59:47 IST" duration-ms="23604">
      <class name="com.pTesting.testng.PTest2">
        <test-method signature="test1()[pri:0, instance:com.pTesting.testng.PTest2@2f4948e4]" started-at="2026-03-17T18:59:24 IST" name="test1" finished-at="2026-03-17T18:59:31 IST" duration-ms="7591" status="PASS">
          <reporter-output>
          </reporter-output>
        </test-method> <!-- test1 -->
        <test-method signature="test2()[pri:1, instance:com.pTesting.testng.PTest2@2f4948e4]" started-at="2026-03-17T18:59:31 IST" name="test2" finished-at="2026-03-17T18:59:36 IST" duration-ms="4553" status="PASS">
          <reporter-output>
          </reporter-output>
        </test-method> <!-- test2 -->
        <test-method signature="test3()[pri:2, instance:com.pTesting.testng.PTest2@2f4948e4]" started-at="2026-03-17T18:59:36 IST" name="test3" finished-at="2026-03-17T18:59:43 IST" duration-ms="6863" status="PASS">
          <reporter-output>
          </reporter-output>
        </test-method> <!-- test3 -->
        <test-method signature="test4()[pri:3, instance:com.pTesting.testng.PTest2@2f4948e4]" started-at="2026-03-17T18:59:43 IST" name="test4" finished-at="2026-03-17T18:59:45 IST" duration-ms="2252" status="PASS">
          <reporter-output>
          </reporter-output>
        </test-method> <!-- test4 -->
        <test-method signature="test5()[pri:4, instance:com.pTesting.testng.PTest2@2f4948e4]" started-at="2026-03-17T18:59:45 IST" name="test5" finished-at="2026-03-17T18:59:47 IST" duration-ms="2280" status="PASS">
          <reporter-output>
          </reporter-output>
        </test-method> <!-- test5 -->
      </class> <!-- com.pTesting.testng.PTest2 -->
    </test> <!-- Default test -->
  </suite> <!-- Default suite -->
</testng-results>
