<?xml version="1.0" encoding="UTF-8"?>
<testng-results ignored="4" total="5" passed="1" failed="0" skipped="0">
  <reporter-output>
  </reporter-output>
  <suite started-at="2026-03-18T12:46:10 IST" name="Default suite" finished-at="2026-03-18T12:46:13 IST" duration-ms="3203">
    <groups>
    </groups>
    <test started-at="2026-03-18T12:46:10 IST" name="Default test" finished-at="2026-03-18T12:46:13 IST" duration-ms="3203">
      <class name="com.pTesting.testng.PTest2">
        <test-method signature="test1()[pri:0, instance:com.pTesting.testng.PTest2@5aa9e4eb]" started-at="2026-03-18T12:46:10 IST" name="test1" finished-at="2026-03-18T12:46:13 IST" duration-ms="3162" status="PASS">
          <reporter-output>
          </reporter-output>
        </test-method> <!-- test1 -->
      </class> <!-- com.pTesting.testng.PTest2 -->
    </test> <!-- Default test -->
  </suite> <!-- Default suite -->
</testng-results>
