<?xml version="1.0" encoding="UTF-8"?>
<!-- Generated by org.testng.reporters.JUnitReportReporter -->
<testsuite hostname="Asus15" failures="0" tests="6" name="com.practice.login.DataProvider1" time="0.028" errors="0" timestamp="27 Dec 2025 09:52:32 GMT">
  <testcase classname="com.practice.login.DataProvider1" name="test1" time="0.004"/>
  <testcase classname="com.practice.login.DataProvider1" name="test1" time="0.003"/>
  <testcase classname="com.practice.login.DataProvider1" name="test1" time="0.003"/>
  <testcase classname="com.practice.login.DataProvider1" name="test1" time="0.001"/>
  <testcase classname="com.practice.login.DataProvider1" name="test1" time="0.014"/>
  <testcase classname="com.practice.login.DataProvider1" name="test1" time="0.003"/>
</testsuite> <!-- com.practice.login.DataProvider1 -->
