<?xml version="1.0" encoding="UTF-8"?>
<!-- Generated by org.testng.reporters.JUnitReportReporter -->
<testsuite hostname="Asus15" failures="0" tests="5" name="com.pTesting.testng.PTests" time="22.185" errors="0" timestamp="2026-03-04T19:47:12 IST" skipped="0">
  <testcase classname="com.pTesting.testng.PTests" name="test1" time="4.745">
    <system-out>
      <![CDATA[test3 started execution
Test3 completed ]]>
    </system-out>
  </testcase> <!-- test1 -->
  <testcase classname="com.pTesting.testng.PTests" name="test2" time="3.306">
    <system-out>
      <![CDATA[test4 completed]]>
    </system-out>
  </testcase> <!-- test2 -->
  <testcase classname="com.pTesting.testng.PTests" name="test3" time="10.512">
    <system-out>
      <![CDATA[<a href=C:\snigdha(programs)\seleniumwebdriver\Screenshot.png>Click Me</a>]]>
    </system-out>
  </testcase> <!-- test3 -->
  <testcase classname="com.pTesting.testng.PTests" name="test4" time="2.130"/>
  <testcase classname="com.pTesting.testng.PTests" name="test5" time="1.492">
    <system-out>
      <![CDATA[Title Google]]>
    </system-out>
  </testcase> <!-- test5 -->
  <system-out>
    <![CDATA[test3 started execution
Test3 completed 
test4 completed
<a href=C:\snigdha(programs)\seleniumwebdriver\Screenshot.png>Click Me</a>
Title Google]]>
  </system-out>
</testsuite> <!-- com.pTesting.testng.PTests -->
