<?xml version="1.0" encoding="UTF-8"?>
<!-- Generated by org.testng.reporters.JUnitReportReporter -->
<testsuite hostname="Asus15" failures="0" tests="2" name="com.practice.login.DataDrivenTesting" time="0.860" errors="0" timestamp="27 Dec 2025 10:11:51 GMT">
  <testcase classname="com.practice.login.DataDrivenTesting" name="readFullExcelFile" time="0.041"/>
  <testcase classname="com.practice.login.DataDrivenTesting" name="readData" time="0.819"/>
</testsuite> <!-- com.practice.login.DataDrivenTesting -->
