<?xml version="1.0" encoding="UTF-8"?>
<!-- Generated by org.testng.reporters.JUnitReportReporter -->
<testsuite hostname="Asus15" failures="0" tests="5" name="com.pTesting.testauto.PTest2" time="31.751" errors="0" timestamp="2026-02-06T22:14:57 IST" skipped="0">
  <testcase classname="com.pTesting.testauto.PTest2" name="test4" time="4.555">
    <system-out>
      <![CDATA[test3 completed]]>
    </system-out>
  </testcase> <!-- test4 -->
  <testcase classname="com.pTesting.testauto.PTest2" name="test2" time="2.471">
    <system-out>
      <![CDATA[Title Google]]>
    </system-out>
  </testcase> <!-- test2 -->
  <testcase classname="com.pTesting.testauto.PTest2" name="test1" time="3.462"/>
  <testcase classname="com.pTesting.testauto.PTest2" name="test5" time="13.289"/>
  <testcase classname="com.pTesting.testauto.PTest2" name="test3" time="7.974">
    <system-out>
      <![CDATA[test3 started execution]]>
    </system-out>
  </testcase> <!-- test3 -->
  <system-out>
    <![CDATA[Title Google
test3 started execution
test3 completed]]>
  </system-out>
</testsuite> <!-- com.pTesting.testauto.PTest2 -->
