<?xml version="1.0" encoding="UTF-8"?>
<!-- Generated by org.testng.reporters.JUnitReportReporter -->
<testsuite hostname="Asus15" failures="0" tests="5" name="com.pTesting.testng.PTest2" time="23.539" errors="0" timestamp="2026-03-17T18:59:48 IST" skipped="0">
  <testcase classname="com.pTesting.testng.PTest2" name="test1" time="7.591"/>
  <testcase classname="com.pTesting.testng.PTest2" name="test2" time="4.553"/>
  <testcase classname="com.pTesting.testng.PTest2" name="test3" time="6.863"/>
  <testcase classname="com.pTesting.testng.PTest2" name="test4" time="2.252"/>
  <testcase classname="com.pTesting.testng.PTest2" name="test5" time="2.280"/>
</testsuite> <!-- com.pTesting.testng.PTest2 -->
