<?xml version="1.0" encoding="UTF-8"?>
<!-- Generated by org.testng.reporters.JUnitReportReporter -->
<testsuite hostname="Asus15" failures="0" tests="5" name="com.practice.login.Test5" time="0.027" errors="0" timestamp="22 Dec 2025 14:21:27 GMT">
  <testcase classname="com.practice.login.Test5" name="multipleTest" time="0.002"/>
  <testcase classname="com.practice.login.Test5" name="multipleTest" time="0.003"/>
  <testcase classname="com.practice.login.Test5" name="multipleTest" time="0.002"/>
  <testcase classname="com.practice.login.Test5" name="multipleTest" time="0.019"/>
  <testcase classname="com.practice.login.Test5" name="multipleTest" time="0.001"/>
</testsuite> <!-- com.practice.login.Test5 -->
