<?xml version="1.0" encoding="UTF-8"?>
<!-- Generated by org.testng.reporters.JUnitReportReporter -->
<testsuite hostname="Asus15" failures="0" tests="6" name="com.practice.login.DataProvider2" time="0.019" errors="0" timestamp="27 Dec 2025 11:21:06 GMT">
  <testcase classname="com.practice.login.DataProvider2" name="test1" time="0.002"/>
  <testcase classname="com.practice.login.DataProvider2" name="test1" time="0.002"/>
  <testcase classname="com.practice.login.DataProvider2" name="test1" time="0.001"/>
  <testcase classname="com.practice.login.DataProvider2" name="test1" time="0.001"/>
  <testcase classname="com.practice.login.DataProvider2" name="test1" time="0.012"/>
  <testcase classname="com.practice.login.DataProvider2" name="test1" time="0.001"/>
</testsuite> <!-- com.practice.login.DataProvider2 -->
