<?xml version="1.0" encoding="UTF-8"?>
<!-- Generated by org.testng.reporters.JUnitReportReporter -->
<testsuite hostname="Asus15" failures="0" tests="3" name="com.practice.login.Testsss" time="3.042" errors="0" timestamp="23 Dec 2025 16:40:36 GMT">
  <testcase classname="com.practice.login.Testsss" name="logout" time="0.003"/>
  <testcase classname="com.practice.login.Testsss" name="login" time="3.036"/>
  <testcase classname="com.practice.login.Testsss" name="test1" time="0.003"/>
</testsuite> <!-- com.practice.login.Testsss -->
