<?xml version="1.0" encoding="UTF-8"?>
<!-- Generated by org.testng.reporters.JUnitReportReporter -->
<testsuite hostname="Asus15" failures="0" tests="3" name="com.practice.login.GroupsTests" time="0.019" errors="0" timestamp="23 Dec 2025 09:45:51 GMT">
  <testcase classname="com.practice.login.GroupsTests" name="test2" time="0.002"/>
  <testcase classname="com.practice.login.GroupsTests" name="test" time="0.015"/>
  <testcase classname="com.practice.login.GroupsTests" name="test4" time="0.002"/>
</testsuite> <!-- com.practice.login.GroupsTests -->
