<?xml version="1.0" encoding="UTF-8"?>
<!-- Generated by org.testng.reporters.JUnitReportReporter -->
<testsuite hostname="Asus15" failures="0" tests="1" name="com.pTesting.testauto.PTests" time="38.134" errors="0" timestamp="2026-02-07T10:27:33 IST" skipped="0">
  <testcase classname="com.pTesting.testauto.PTests" name="test5" time="38.134">
    <system-out>
      <![CDATA[<a href=C:\snigdha(programs)\seleniumwebdriver\Screenshot.png>Click Me</a>]]>
    </system-out>
  </testcase> <!-- test5 -->
  <system-out>
    <![CDATA[<a href=C:\snigdha(programs)\seleniumwebdriver\Screenshot.png>Click Me</a>]]>
  </system-out>
</testsuite> <!-- com.pTesting.testauto.PTests -->
